bin/outputs/logs/manifest-merger-debug-report.txt
-- Merging decision tree log ---
manifest
ADDED from linphone/linphone-android/AndroidManifest.xml:2:1-362:12
	package
		ADDED from linphone/linphone-android/AndroidManifest.xml:2:11-33
		INJECTED from linphone/linphone-android/AndroidManifest.xml
		INJECTED from linphone/linphone-android/AndroidManifest.xml
	android:versionName
		ADDED from linphone/linphone-android/AndroidManifest.xml:6:11-38
		INJECTED from linphone/linphone-android/AndroidManifest.xml
		INJECTED from linphone/linphone-android/AndroidManifest.xml
	android:versionCode
		ADDED from linphone/linphone-android/AndroidManifest.xml:5:11-37
		INJECTED from linphone/linphone-android/AndroidManifest.xml
		INJECTED from linphone/linphone-android/AndroidManifest.xml
	xmlns:android
		ADDED from linphone/linphone-android/AndroidManifest.xml:3:11-69
	android:installLocation
		ADDED from linphone/linphone-android/AndroidManifest.xml:4:11-41
uses-sdk
ADDED from linphone/linphone-android/AndroidManifest.xml:8:5-10:40
MERGED from [com.android.support:multidex:1.0.1] AndroidManifest.xml:18:5-42
MERGED from [com.android.support:support-v4:27.1.0] AndroidManifest.xml:20:5-44
MERGED from [com.android.support:support-media-compat:27.1.0] AndroidManifest.xml:20:5-44
MERGED from [com.android.support:support-fragment:27.1.0] AndroidManifest.xml:20:5-44
MERGED from [com.android.support:support-core-ui:27.1.0] AndroidManifest.xml:20:5-44
MERGED from [com.android.support:support-core-utils:27.1.0] AndroidManifest.xml:20:5-44
MERGED from [com.android.support:support-compat:27.1.0] AndroidManifest.xml:20:5-44
MERGED from [android.arch.lifecycle:runtime:1.1.0] AndroidManifest.xml:20:5-44
MERGED from [android.arch.lifecycle:livedata-core:1.1.0] AndroidManifest.xml:20:5-44
MERGED from [android.arch.core:runtime:1.1.0] AndroidManifest.xml:20:5-44
MERGED from [android.arch.lifecycle:viewmodel:1.1.0] AndroidManifest.xml:20:5-44
	android:targetSdkVersion
		ADDED from linphone/linphone-android/AndroidManifest.xml:10:9-38
	android:minSdkVersion
		ADDED from linphone/linphone-android/AndroidManifest.xml:9:9-35
uses-permission#android.permission.INTERNET
ADDED from linphone/linphone-android/AndroidManifest.xml:16:5-66
	android:name
		ADDED from linphone/linphone-android/AndroidManifest.xml:16:22-64
uses-permission#android.permission.RECORD_AUDIO
ADDED from linphone/linphone-android/AndroidManifest.xml:17:5-70
	android:name
		ADDED from linphone/linphone-android/AndroidManifest.xml:17:22-68
uses-permission#android.permission.READ_CONTACTS
ADDED from linphone/linphone-android/AndroidManifest.xml:18:5-71
	android:name
		ADDED from linphone/linphone-android/AndroidManifest.xml:18:22-69
uses-permission#android.permission.MODIFY_AUDIO_SETTINGS
ADDED from linphone/linphone-android/AndroidManifest.xml:19:5-79
	android:name
		ADDED from linphone/linphone-android/AndroidManifest.xml:19:22-77
uses-permission#android.permission.ACCESS_NETWORK_STATE
ADDED from linphone/linphone-android/AndroidManifest.xml:20:5-78
	android:name
		ADDED from linphone/linphone-android/AndroidManifest.xml:20:22-76
uses-permission#android.permission.WAKE_LOCK
ADDED from linphone/linphone-android/AndroidManifest.xml:21:5-67
	android:name
		ADDED from linphone/linphone-android/AndroidManifest.xml:21:22-65
uses-permission#android.permission.PROCESS_OUTGOING_CALLS
ADDED from linphone/linphone-android/AndroidManifest.xml:22:5-80
	android:name
		ADDED from linphone/linphone-android/AndroidManifest.xml:22:22-78
uses-permission#android.permission.CALL_PHONE
ADDED from linphone/linphone-android/AndroidManifest.xml:23:5-68
	android:name
		ADDED from linphone/linphone-android/AndroidManifest.xml:23:22-66
uses-feature#android.hardware.telephony
ADDED from linphone/linphone-android/AndroidManifest.xml:25:5-27:35
	android:required
		ADDED from linphone/linphone-android/AndroidManifest.xml:27:9-33
	android:name
		ADDED from linphone/linphone-android/AndroidManifest.xml:26:9-50
uses-permission#android.permission.RECEIVE_BOOT_COMPLETED
ADDED from linphone/linphone-android/AndroidManifest.xml:29:5-80
	android:name
		ADDED from linphone/linphone-android/AndroidManifest.xml:29:22-78
uses-permission#android.permission.VIBRATE
ADDED from linphone/linphone-android/AndroidManifest.xml:30:5-65
	android:name
		ADDED from linphone/linphone-android/AndroidManifest.xml:30:22-63
uses-permission#android.permission.CAMERA
ADDED from linphone/linphone-android/AndroidManifest.xml:31:5-64
	android:name
		ADDED from linphone/linphone-android/AndroidManifest.xml:31:22-62
uses-feature#android.hardware.camera
ADDED from linphone/linphone-android/AndroidManifest.xml:33:5-35:35
	android:required
		ADDED from linphone/linphone-android/AndroidManifest.xml:35:9-33
	android:name
		ADDED from linphone/linphone-android/AndroidManifest.xml:34:9-47
uses-permission#android.permission.READ_PHONE_STATE
ADDED from linphone/linphone-android/AndroidManifest.xml:37:5-74
	android:name
		ADDED from linphone/linphone-android/AndroidManifest.xml:37:22-72
uses-permission#android.permission.READ_EXTERNAL_STORAGE
ADDED from linphone/linphone-android/AndroidManifest.xml:38:5-79
	android:name
		ADDED from linphone/linphone-android/AndroidManifest.xml:38:22-77
uses-permission#android.permission.WRITE_EXTERNAL_STORAGE
ADDED from linphone/linphone-android/AndroidManifest.xml:40:5-80
	android:name
		ADDED from linphone/linphone-android/AndroidManifest.xml:40:22-78
uses-permission#android.permission.WRITE_CONTACTS
ADDED from linphone/linphone-android/AndroidManifest.xml:42:5-72
	android:name
		ADDED from linphone/linphone-android/AndroidManifest.xml:42:22-70
uses-permission#android.permission.BLUETOOTH
ADDED from linphone/linphone-android/AndroidManifest.xml:44:5-67
	android:name
		ADDED from linphone/linphone-android/AndroidManifest.xml:44:22-65
uses-permission#android.permission.BROADCAST_STICKY
ADDED from linphone/linphone-android/AndroidManifest.xml:45:5-74
	android:name
		ADDED from linphone/linphone-android/AndroidManifest.xml:45:22-72
uses-permission#android.permission.GET_ACCOUNTS
ADDED from linphone/linphone-android/AndroidManifest.xml:47:5-70
	android:name
		ADDED from linphone/linphone-android/AndroidManifest.xml:47:22-68
uses-permission#android.permission.ACCESS_WIFI_STATE
ADDED from linphone/linphone-android/AndroidManifest.xml:48:5-75
	android:name
		ADDED from linphone/linphone-android/AndroidManifest.xml:48:22-73
uses-permission#android.permission.CHANGE_WIFI_MULTICAST_STATE
ADDED from linphone/linphone-android/AndroidManifest.xml:49:5-85
	android:name
		ADDED from linphone/linphone-android/AndroidManifest.xml:49:22-83
uses-permission#android.permission.READ_SYNC_SETTINGS
ADDED from linphone/linphone-android/AndroidManifest.xml:50:5-76
	android:name
		ADDED from linphone/linphone-android/AndroidManifest.xml:50:22-74
uses-permission#android.permission.WRITE_SYNC_SETTINGS
ADDED from linphone/linphone-android/AndroidManifest.xml:51:5-77
	android:name
		ADDED from linphone/linphone-android/AndroidManifest.xml:51:22-75
uses-permission#android.permission.AUTHENTICATE_ACCOUNTS
ADDED from linphone/linphone-android/AndroidManifest.xml:52:5-79
	android:name
		ADDED from linphone/linphone-android/AndroidManifest.xml:52:22-77
uses-permission#android.permission.SYSTEM_ALERT_WINDOW
ADDED from linphone/linphone-android/AndroidManifest.xml:56:5-77
	android:name
		ADDED from linphone/linphone-android/AndroidManifest.xml:56:22-75
uses-permission#android.permission.KILL_BACKGROUND_PROCESSES
ADDED from linphone/linphone-android/AndroidManifest.xml:58:5-83
	android:name
		ADDED from linphone/linphone-android/AndroidManifest.xml:58:22-81
supports-screens
ADDED from linphone/linphone-android/AndroidManifest.xml:60:5-65:39
	android:largeScreens
		ADDED from linphone/linphone-android/AndroidManifest.xml:62:9-36
	android:smallScreens
		ADDED from linphone/linphone-android/AndroidManifest.xml:64:9-36
	android:normalScreens
		ADDED from linphone/linphone-android/AndroidManifest.xml:63:9-37
	android:xlargeScreens
		ADDED from linphone/linphone-android/AndroidManifest.xml:65:9-37
	android:anyDensity
		ADDED from linphone/linphone-android/AndroidManifest.xml:61:9-34
application
ADDED from linphone/linphone-android/AndroidManifest.xml:67:5-361:19
	android:label
		ADDED from linphone/linphone-android/AndroidManifest.xml:70:9-41
	android:roundIcon
		ADDED from linphone/linphone-android/AndroidManifest.xml:69:9-54
	android:icon
		ADDED from linphone/linphone-android/AndroidManifest.xml:68:9-43
	android:largeHeap
		ADDED from linphone/linphone-android/AndroidManifest.xml:71:9-33
activity#org.linphone.LinphoneLauncherActivity
ADDED from linphone/linphone-android/AndroidManifest.xml:72:9-122:20
	android:label
		ADDED from linphone/linphone-android/AndroidManifest.xml:76:13-45
	android:launchMode
		ADDED from linphone/linphone-android/AndroidManifest.xml:75:13-44
	android:exported
		ADDED from linphone/linphone-android/AndroidManifest.xml:74:13-36
	android:windowSoftInputMode
		ADDED from linphone/linphone-android/AndroidManifest.xml:78:13-64
	android:theme
		ADDED from linphone/linphone-android/AndroidManifest.xml:77:13-43
	android:name
		ADDED from linphone/linphone-android/AndroidManifest.xml:73:13-53
intent-filter#android.intent.action.MAIN+android.intent.category.LAUNCHER
ADDED from linphone/linphone-android/AndroidManifest.xml:79:13-83:29
action#android.intent.action.MAIN
ADDED from linphone/linphone-android/AndroidManifest.xml:80:17-68
	android:name
		ADDED from linphone/linphone-android/AndroidManifest.xml:80:25-66
category#android.intent.category.LAUNCHER
ADDED from linphone/linphone-android/AndroidManifest.xml:82:17-76
	android:name
		ADDED from linphone/linphone-android/AndroidManifest.xml:82:27-74
intent-filter#android.intent.action.CALL+android.intent.action.CALL_PRIVILEGED+android.intent.category.DEFAULT
ADDED from linphone/linphone-android/AndroidManifest.xml:84:13-92:29
action#android.intent.action.CALL
ADDED from linphone/linphone-android/AndroidManifest.xml:85:17-68
	android:name
		ADDED from linphone/linphone-android/AndroidManifest.xml:85:25-66
action#android.intent.action.CALL_PRIVILEGED
ADDED from linphone/linphone-android/AndroidManifest.xml:86:17-79
	android:name
		ADDED from linphone/linphone-android/AndroidManifest.xml:86:25-77
category#android.intent.category.DEFAULT
ADDED from linphone/linphone-android/AndroidManifest.xml:88:17-75
	android:name
		ADDED from linphone/linphone-android/AndroidManifest.xml:88:27-73
data
ADDED from linphone/linphone-android/AndroidManifest.xml:90:17-45
	android:scheme
		ADDED from linphone/linphone-android/AndroidManifest.xml:90:23-43
intent-filter#android.intent.action.SENDTO+android.intent.category.DEFAULT
ADDED from linphone/linphone-android/AndroidManifest.xml:93:13-100:29
action#android.intent.action.SENDTO
ADDED from linphone/linphone-android/AndroidManifest.xml:94:17-70
	android:name
		ADDED from linphone/linphone-android/AndroidManifest.xml:94:25-68
intent-filter#android.intent.action.VIEW+android.intent.category.BROWSABLE+android.intent.category.DEFAULT
ADDED from linphone/linphone-android/AndroidManifest.xml:101:13-107:29
action#android.intent.action.VIEW
ADDED from linphone/linphone-android/AndroidManifest.xml:103:17-68
	android:name
		ADDED from linphone/linphone-android/AndroidManifest.xml:103:25-66
category#android.intent.category.BROWSABLE
ADDED from linphone/linphone-android/AndroidManifest.xml:105:17-77
	android:name
		ADDED from linphone/linphone-android/AndroidManifest.xml:105:27-75
intent-filter#android.intent.action.SEND+android.intent.category.DEFAULT+android.intent.category.OPENABLE
ADDED from linphone/linphone-android/AndroidManifest.xml:108:13-117:29
action#android.intent.action.SEND
ADDED from linphone/linphone-android/AndroidManifest.xml:109:17-69
	android:name
		ADDED from linphone/linphone-android/AndroidManifest.xml:109:25-66
category#android.intent.category.OPENABLE
ADDED from linphone/linphone-android/AndroidManifest.xml:111:17-76
	android:name
		ADDED from linphone/linphone-android/AndroidManifest.xml:111:27-74
intent-filter#android.intent.category.DEFAULT+org.linphone.intent.action.CallLaunched
ADDED from linphone/linphone-android/AndroidManifest.xml:118:13-121:29
action#org.linphone.intent.action.CallLaunched
ADDED from linphone/linphone-android/AndroidManifest.xml:119:17-82
	android:name
		ADDED from linphone/linphone-android/AndroidManifest.xml:119:25-79
activity#org.linphone.LinphoneActivity
ADDED from linphone/linphone-android/AndroidManifest.xml:123:9-130:20
	android:launchMode
		ADDED from linphone/linphone-android/AndroidManifest.xml:125:13-44
	android:theme
		ADDED from linphone/linphone-android/AndroidManifest.xml:126:13-43
	android:name
		ADDED from linphone/linphone-android/AndroidManifest.xml:124:13-45
intent-filter#android.intent.action.MAIN
ADDED from linphone/linphone-android/AndroidManifest.xml:127:13-129:29
activity#org.linphone.CallIncomingActivity
ADDED from linphone/linphone-android/AndroidManifest.xml:131:9-138:20
	android:launchMode
		ADDED from linphone/linphone-android/AndroidManifest.xml:133:13-43
	android:theme
		ADDED from linphone/linphone-android/AndroidManifest.xml:134:13-43
	android:name
		ADDED from linphone/linphone-android/AndroidManifest.xml:132:13-49
activity#org.linphone.CallOutgoingActivity
ADDED from linphone/linphone-android/AndroidManifest.xml:139:9-146:20
	android:launchMode
		ADDED from linphone/linphone-android/AndroidManifest.xml:141:13-43
	android:theme
		ADDED from linphone/linphone-android/AndroidManifest.xml:142:13-43
	android:name
		ADDED from linphone/linphone-android/AndroidManifest.xml:140:13-49
activity#org.linphone.CallActivity
ADDED from linphone/linphone-android/AndroidManifest.xml:147:9-162:20
	android:launchMode
		ADDED from linphone/linphone-android/AndroidManifest.xml:149:13-43
	android:theme
		ADDED from linphone/linphone-android/AndroidManifest.xml:150:13-46
	android:name
		ADDED from linphone/linphone-android/AndroidManifest.xml:148:13-41
activity#org.linphone.assistant.AssistantActivity
ADDED from linphone/linphone-android/AndroidManifest.xml:163:9-170:20
	android:screenOrientation
		ADDED from linphone/linphone-android/AndroidManifest.xml:165:13-47
	android:theme
		ADDED from linphone/linphone-android/AndroidManifest.xml:166:13-43
	android:name
		ADDED from linphone/linphone-android/AndroidManifest.xml:164:13-56
activity#org.linphone.purchase.InAppPurchaseActivity
ADDED from linphone/linphone-android/AndroidManifest.xml:171:9-178:20
	android:screenOrientation
		ADDED from linphone/linphone-android/AndroidManifest.xml:173:13-49
	android:theme
		ADDED from linphone/linphone-android/AndroidManifest.xml:174:13-43
	android:name
		ADDED from linphone/linphone-android/AndroidManifest.xml:172:13-59
activity#org.linphone.assistant.RemoteProvisioningLoginActivity
ADDED from linphone/linphone-android/AndroidManifest.xml:179:9-186:20
	android:screenOrientation
		ADDED from linphone/linphone-android/AndroidManifest.xml:181:13-49
	android:theme
		ADDED from linphone/linphone-android/AndroidManifest.xml:182:13-43
	android:name
		ADDED from linphone/linphone-android/AndroidManifest.xml:180:13-70
activity#org.linphone.assistant.RemoteProvisioningActivity
ADDED from linphone/linphone-android/AndroidManifest.xml:187:9-201:20
	android:screenOrientation
		ADDED from linphone/linphone-android/AndroidManifest.xml:189:13-49
	android:theme
		ADDED from linphone/linphone-android/AndroidManifest.xml:190:13-43
	android:name
		ADDED from linphone/linphone-android/AndroidManifest.xml:188:13-65
service#org.linphone.LinphoneService
ADDED from linphone/linphone-android/AndroidManifest.xml:203:9-206:43
	android:label
		ADDED from linphone/linphone-android/AndroidManifest.xml:205:13-49
	android:stopWithTask
		ADDED from linphone/linphone-android/AndroidManifest.xml:206:13-41
	android:name
		ADDED from linphone/linphone-android/AndroidManifest.xml:204:13-44
service#org.linphone.sync.SyncService
ADDED from linphone/linphone-android/AndroidManifest.xml:207:9-220:19
	android:exported
		ADDED from linphone/linphone-android/AndroidManifest.xml:209:13-36
	android:name
		ADDED from linphone/linphone-android/AndroidManifest.xml:208:13-45
intent-filter#android.content.SyncAdapter
ADDED from linphone/linphone-android/AndroidManifest.xml:210:13-212:29
action#android.content.SyncAdapter
ADDED from linphone/linphone-android/AndroidManifest.xml:211:17-69
	android:name
		ADDED from linphone/linphone-android/AndroidManifest.xml:211:25-67
meta-data#android.content.SyncAdapter
ADDED from linphone/linphone-android/AndroidManifest.xml:214:13-216:54
	android:resource
		ADDED from linphone/linphone-android/AndroidManifest.xml:216:17-52
	android:name
		ADDED from linphone/linphone-android/AndroidManifest.xml:215:17-59
meta-data#android.provider.CONTACTS_STRUCTURE
ADDED from linphone/linphone-android/AndroidManifest.xml:217:13-219:51
	android:resource
		ADDED from linphone/linphone-android/AndroidManifest.xml:219:17-49
	android:name
		ADDED from linphone/linphone-android/AndroidManifest.xml:218:17-67
service#org.linphone.sync.AuthenticationService
ADDED from linphone/linphone-android/AndroidManifest.xml:221:9-229:19
	android:name
		ADDED from linphone/linphone-android/AndroidManifest.xml:221:18-60
intent-filter#android.accounts.AccountAuthenticator
ADDED from linphone/linphone-android/AndroidManifest.xml:222:13-224:29
action#android.accounts.AccountAuthenticator
ADDED from linphone/linphone-android/AndroidManifest.xml:223:17-79
	android:name
		ADDED from linphone/linphone-android/AndroidManifest.xml:223:25-77
meta-data#android.accounts.AccountAuthenticator
ADDED from linphone/linphone-android/AndroidManifest.xml:226:13-228:56
	android:resource
		ADDED from linphone/linphone-android/AndroidManifest.xml:228:17-54
	android:name
		ADDED from linphone/linphone-android/AndroidManifest.xml:227:17-69
receiver#org.linphone.NetworkManager
ADDED from linphone/linphone-android/AndroidManifest.xml:231:9-235:20
	android:name
		ADDED from linphone/linphone-android/AndroidManifest.xml:231:19-49
intent-filter#android.net.conn.CONNECTIVITY_CHANGE
ADDED from linphone/linphone-android/AndroidManifest.xml:232:13-234:29
action#android.net.conn.CONNECTIVITY_CHANGE
ADDED from linphone/linphone-android/AndroidManifest.xml:233:17-78
	android:name
		ADDED from linphone/linphone-android/AndroidManifest.xml:233:25-76
receiver#org.linphone.BluetoothManager
ADDED from linphone/linphone-android/AndroidManifest.xml:236:9-239:20
	android:enabled
		ADDED from linphone/linphone-android/AndroidManifest.xml:238:13-36
	android:name
		ADDED from linphone/linphone-android/AndroidManifest.xml:237:13-45
receiver#org.linphone.BootReceiver
ADDED from linphone/linphone-android/AndroidManifest.xml:240:9-247:20
	android:name
		ADDED from linphone/linphone-android/AndroidManifest.xml:240:19-47
intent-filter#android.intent.action.BOOT_COMPLETED
ADDED from linphone/linphone-android/AndroidManifest.xml:241:13-243:29
action#android.intent.action.BOOT_COMPLETED
ADDED from linphone/linphone-android/AndroidManifest.xml:242:17-78
	android:name
		ADDED from linphone/linphone-android/AndroidManifest.xml:242:25-76
intent-filter#android.intent.action.ACTION_SHUTDOWN
ADDED from linphone/linphone-android/AndroidManifest.xml:244:13-246:29
action#android.intent.action.ACTION_SHUTDOWN
ADDED from linphone/linphone-android/AndroidManifest.xml:245:17-79
	android:name
		ADDED from linphone/linphone-android/AndroidManifest.xml:245:25-77
receiver#org.linphone.PhoneStateChangedReceiver
ADDED from linphone/linphone-android/AndroidManifest.xml:248:9-252:20
	android:name
		ADDED from linphone/linphone-android/AndroidManifest.xml:248:19-60
intent-filter#android.intent.action.PHONE_STATE
ADDED from linphone/linphone-android/AndroidManifest.xml:249:13-251:29
	android:priority
		ADDED from linphone/linphone-android/AndroidManifest.xml:249:28-50
action#android.intent.action.PHONE_STATE
ADDED from linphone/linphone-android/AndroidManifest.xml:250:17-75
	android:name
		ADDED from linphone/linphone-android/AndroidManifest.xml:250:25-73
receiver#org.linphone.KeepAliveReceiver
ADDED from linphone/linphone-android/AndroidManifest.xml:255:9-54
	android:name
		ADDED from linphone/linphone-android/AndroidManifest.xml:255:19-52
receiver#org.linphone.HookReceiver
ADDED from linphone/linphone-android/AndroidManifest.xml:257:9-261:20
	android:name
		ADDED from linphone/linphone-android/AndroidManifest.xml:257:19-47
intent-filter#com.base.module.phone.HOOKEVENT
ADDED from linphone/linphone-android/AndroidManifest.xml:258:13-260:29
action#com.base.module.phone.HOOKEVENT
ADDED from linphone/linphone-android/AndroidManifest.xml:259:17-74
	android:name
		ADDED from linphone/linphone-android/AndroidManifest.xml:259:25-71
receiver#org.linphone.OutgoingCallReceiver
ADDED from linphone/linphone-android/AndroidManifest.xml:263:9-268:20
	android:permission
		ADDED from linphone/linphone-android/AndroidManifest.xml:264:19-81
	android:name
		ADDED from linphone/linphone-android/AndroidManifest.xml:263:19-55
intent-filter#android.intent.action.NEW_OUTGOING_CALL
ADDED from linphone/linphone-android/AndroidManifest.xml:265:13-267:29
action#android.intent.action.NEW_OUTGOING_CALL
ADDED from linphone/linphone-android/AndroidManifest.xml:266:17-82
	android:name
		ADDED from linphone/linphone-android/AndroidManifest.xml:266:25-79
receiver#org.linphone.AccountEnableReceiver
ADDED from linphone/linphone-android/AndroidManifest.xml:288:9-294:20
	android:permission
		ADDED from linphone/linphone-android/AndroidManifest.xml:290:13-60
	android:name
		ADDED from linphone/linphone-android/AndroidManifest.xml:289:13-50
intent-filter#org.linphone.intent.ACCOUNTACTIVATE
ADDED from linphone/linphone-android/AndroidManifest.xml:291:13-293:29
action#org.linphone.intent.ACCOUNTACTIVATE
ADDED from linphone/linphone-android/AndroidManifest.xml:292:17-77
	android:name
		ADDED from linphone/linphone-android/AndroidManifest.xml:292:25-75
service#org.linphone.firebase.FirebaseIdService
ADDED from linphone/linphone-android/AndroidManifest.xml:296:9-300:19
	android:name
		ADDED from linphone/linphone-android/AndroidManifest.xml:296:18-60
intent-filter#com.google.firebase.INSTANCE_ID_EVENT
ADDED from linphone/linphone-android/AndroidManifest.xml:297:13-299:29
action#com.google.firebase.INSTANCE_ID_EVENT
ADDED from linphone/linphone-android/AndroidManifest.xml:298:17-79
	android:name
		ADDED from linphone/linphone-android/AndroidManifest.xml:298:25-77
service#org.linphone.firebase.FirebaseMessaging
ADDED from linphone/linphone-android/AndroidManifest.xml:301:9-305:19
	android:name
		ADDED from linphone/linphone-android/AndroidManifest.xml:301:18-60
intent-filter#com.google.firebase.MESSAGING_EVENT
ADDED from linphone/linphone-android/AndroidManifest.xml:302:13-304:29
action#com.google.firebase.MESSAGING_EVENT
ADDED from linphone/linphone-android/AndroidManifest.xml:303:17-77
	android:name
		ADDED from linphone/linphone-android/AndroidManifest.xml:303:25-75
provider#android.support.v4.content.FileProvider
ADDED from linphone/linphone-android/AndroidManifest.xml:307:9-315:20
	android:authorities
		ADDED from linphone/linphone-android/AndroidManifest.xml:309:13-56
	android:grantUriPermissions
		ADDED from linphone/linphone-android/AndroidManifest.xml:311:13-47
	android:exported
		ADDED from linphone/linphone-android/AndroidManifest.xml:310:13-37
	android:name
		ADDED from linphone/linphone-android/AndroidManifest.xml:308:13-67
meta-data#android.support.FILE_PROVIDER_PATHS
ADDED from linphone/linphone-android/AndroidManifest.xml:312:13-314:57
	android:resource
		ADDED from linphone/linphone-android/AndroidManifest.xml:314:17-55
	android:name
		ADDED from linphone/linphone-android/AndroidManifest.xml:313:17-67
activity#org.linphone.tutorials.TutorialLauncherActivity
ADDED from linphone/linphone-android/AndroidManifest.xml:317:9-323:20
	android:theme
		ADDED from linphone/linphone-android/AndroidManifest.xml:319:13-43
	android:name
		ADDED from linphone/linphone-android/AndroidManifest.xml:318:13-63
activity#org.linphone.tutorials.TutorialBuddyStatusActivity
ADDED from linphone/linphone-android/AndroidManifest.xml:324:9-330:20
	android:theme
		ADDED from linphone/linphone-android/AndroidManifest.xml:326:13-43
	android:name
		ADDED from linphone/linphone-android/AndroidManifest.xml:325:13-66
activity#org.linphone.tutorials.TutorialChatRoomActivity
ADDED from linphone/linphone-android/AndroidManifest.xml:331:9-337:20
	android:theme
		ADDED from linphone/linphone-android/AndroidManifest.xml:333:13-43
	android:name
		ADDED from linphone/linphone-android/AndroidManifest.xml:332:13-63
activity#org.linphone.tutorials.TutorialHelloWorldActivity
ADDED from linphone/linphone-android/AndroidManifest.xml:338:9-344:20
	android:theme
		ADDED from linphone/linphone-android/AndroidManifest.xml:340:13-43
	android:name
		ADDED from linphone/linphone-android/AndroidManifest.xml:339:13-65
activity#org.linphone.tutorials.TutorialRegistrationActivity
ADDED from linphone/linphone-android/AndroidManifest.xml:345:9-351:20
	android:theme
		ADDED from linphone/linphone-android/AndroidManifest.xml:347:13-43
	android:name
		ADDED from linphone/linphone-android/AndroidManifest.xml:346:13-67
activity#org.linphone.tutorials.TutorialCardDavSync
ADDED from linphone/linphone-android/AndroidManifest.xml:352:9-358:20
	android:theme
		ADDED from linphone/linphone-android/AndroidManifest.xml:354:13-43
	android:name
		ADDED from linphone/linphone-android/AndroidManifest.xml:353:13-58
activity#org.linphone.LinphoneGenericActivity
ADDED from linphone/linphone-android/AndroidManifest.xml:359:9-360:20
	android:name
		ADDED from linphone/linphone-android/AndroidManifest.xml:359:19-58